<?xml version="1.0" encoding="UTF-8"?>
<!-- Generated by org.testng.reporters.JUnitXMLReporter -->
<testsuite ignored="0" hostname="DESKTOP-0P2A1TD" failures="0" tests="4" name="TestngMetaGroup" time="0.329" errors="0" timestamp="2024-09-12T14:25:07 IST">
  <testcase classname="TestngGrouping.TestngMetaGroup" name="logo1" time="0.027"/>
  <testcase classname="TestngGrouping.TestngMetaGroup" name="logo2" time="0.005"/>
  <testcase classname="TestngGrouping.TestngMetaGroup" name="logo3" time="0.021"/>
  <testcase classname="TestngGrouping.TestngMetaGroup" name="title" time="0.009"/>
</testsuite> <!-- TestngMetaGroup -->
