<?xml version="1.0" encoding="UTF-8"?>
<!-- Generated by org.testng.reporters.JUnitXMLReporter -->
<testsuite ignored="2" hostname="DESKTOP-0P2A1TD" failures="0" tests="2" name="TestngGrouping" time="0.138" errors="0" timestamp="2024-09-12T14:09:01 IST">
  <testcase classname="TestngGrouping.TetsngGrouping1" name="logo1" time="0.016"/>
  <testcase classname="TestngGrouping.TetsngGrouping1" name="logo2" time="0.011"/>
  <testcase classname="TestngGrouping.TetsngGrouping1" name="logo3" time="0.0">
    <ignored/>
  </testcase> <!-- logo3 -->
  <testcase classname="TestngGrouping.TetsngGrouping1" name="title" time="0.0">
    <ignored/>
  </testcase> <!-- title -->
</testsuite> <!-- TestngGrouping -->
